{"/mnt/c/Users/Pierre-Luc Gagné/working-directory/aoc/25/Map.ts": {"path":"/mnt/c/Users/Pierre-Luc Gagné/working-directory/aoc/25/Map.ts","all":false,"statementMap":{"0":{"start":{"line":1,"column":0},"end":{"line":1,"column":19}},"1":{"start":{"line":2,"column":0},"end":{"line":2,"column":12}},"2":{"start":{"line":3,"column":0},"end":{"line":3,"column":12}},"3":{"start":{"line":4,"column":0},"end":{"line":4,"column":12}},"4":{"start":{"line":5,"column":0},"end":{"line":5,"column":1}},"5":{"start":{"line":6,"column":0},"end":{"line":6,"column":0}},"6":{"start":{"line":7,"column":0},"end":{"line":7,"column":26}},"7":{"start":{"line":8,"column":0},"end":{"line":8,"column":46}},"8":{"start":{"line":9,"column":0},"end":{"line":9,"column":16}},"9":{"start":{"line":10,"column":0},"end":{"line":10,"column":17}},"10":{"start":{"line":11,"column":0},"end":{"line":11,"column":0}},"11":{"start":{"line":12,"column":0},"end":{"line":12,"column":31}},"12":{"start":{"line":13,"column":0},"end":{"line":13,"column":50}},"13":{"start":{"line":14,"column":0},"end":{"line":14,"column":45}},"14":{"start":{"line":15,"column":0},"end":{"line":15,"column":5}},"15":{"start":{"line":16,"column":0},"end":{"line":16,"column":0}},"16":{"start":{"line":17,"column":0},"end":{"line":17,"column":36}},"17":{"start":{"line":18,"column":0},"end":{"line":18,"column":36}},"18":{"start":{"line":19,"column":0},"end":{"line":19,"column":16}},"19":{"start":{"line":20,"column":0},"end":{"line":20,"column":16}},"20":{"start":{"line":21,"column":0},"end":{"line":21,"column":25}},"21":{"start":{"line":22,"column":0},"end":{"line":22,"column":10}},"22":{"start":{"line":23,"column":0},"end":{"line":23,"column":9}},"23":{"start":{"line":24,"column":0},"end":{"line":24,"column":7}},"24":{"start":{"line":25,"column":0},"end":{"line":25,"column":29}},"25":{"start":{"line":26,"column":0},"end":{"line":26,"column":31}},"26":{"start":{"line":27,"column":0},"end":{"line":27,"column":3}},"27":{"start":{"line":28,"column":0},"end":{"line":28,"column":0}},"28":{"start":{"line":29,"column":0},"end":{"line":29,"column":17}},"29":{"start":{"line":30,"column":0},"end":{"line":30,"column":18}},"30":{"start":{"line":31,"column":0},"end":{"line":31,"column":47}},"31":{"start":{"line":32,"column":0},"end":{"line":32,"column":52}},"32":{"start":{"line":33,"column":0},"end":{"line":33,"column":50}},"33":{"start":{"line":34,"column":0},"end":{"line":34,"column":53}},"34":{"start":{"line":35,"column":0},"end":{"line":35,"column":9}},"35":{"start":{"line":36,"column":0},"end":{"line":36,"column":7}},"36":{"start":{"line":37,"column":0},"end":{"line":37,"column":5}},"37":{"start":{"line":38,"column":0},"end":{"line":38,"column":0}},"38":{"start":{"line":39,"column":0},"end":{"line":39,"column":47}},"39":{"start":{"line":40,"column":0},"end":{"line":40,"column":52}},"40":{"start":{"line":41,"column":0},"end":{"line":41,"column":50}},"41":{"start":{"line":42,"column":0},"end":{"line":42,"column":57}},"42":{"start":{"line":43,"column":0},"end":{"line":43,"column":9}},"43":{"start":{"line":44,"column":0},"end":{"line":44,"column":7}},"44":{"start":{"line":45,"column":0},"end":{"line":45,"column":5}},"45":{"start":{"line":46,"column":0},"end":{"line":46,"column":0}},"46":{"start":{"line":47,"column":0},"end":{"line":47,"column":47}},"47":{"start":{"line":48,"column":0},"end":{"line":48,"column":52}},"48":{"start":{"line":49,"column":0},"end":{"line":49,"column":50}},"49":{"start":{"line":50,"column":0},"end":{"line":50,"column":53}},"50":{"start":{"line":51,"column":0},"end":{"line":51,"column":9}},"51":{"start":{"line":52,"column":0},"end":{"line":52,"column":7}},"52":{"start":{"line":53,"column":0},"end":{"line":53,"column":5}},"53":{"start":{"line":54,"column":0},"end":{"line":54,"column":0}},"54":{"start":{"line":55,"column":0},"end":{"line":55,"column":47}},"55":{"start":{"line":56,"column":0},"end":{"line":56,"column":52}},"56":{"start":{"line":57,"column":0},"end":{"line":57,"column":50}},"57":{"start":{"line":58,"column":0},"end":{"line":58,"column":57}},"58":{"start":{"line":59,"column":0},"end":{"line":59,"column":9}},"59":{"start":{"line":60,"column":0},"end":{"line":60,"column":7}},"60":{"start":{"line":61,"column":0},"end":{"line":61,"column":5}},"61":{"start":{"line":62,"column":0},"end":{"line":62,"column":0}},"62":{"start":{"line":63,"column":0},"end":{"line":63,"column":17}},"63":{"start":{"line":64,"column":0},"end":{"line":64,"column":3}},"64":{"start":{"line":65,"column":0},"end":{"line":65,"column":0}},"65":{"start":{"line":66,"column":0},"end":{"line":66,"column":28}},"66":{"start":{"line":67,"column":0},"end":{"line":67,"column":37}},"67":{"start":{"line":68,"column":0},"end":{"line":68,"column":36}},"68":{"start":{"line":69,"column":0},"end":{"line":69,"column":27}},"69":{"start":{"line":70,"column":0},"end":{"line":70,"column":9}},"70":{"start":{"line":71,"column":0},"end":{"line":71,"column":7}},"71":{"start":{"line":72,"column":0},"end":{"line":72,"column":3}},"72":{"start":{"line":73,"column":0},"end":{"line":73,"column":0}},"73":{"start":{"line":74,"column":0},"end":{"line":74,"column":57}},"74":{"start":{"line":75,"column":0},"end":{"line":75,"column":31}},"75":{"start":{"line":76,"column":0},"end":{"line":76,"column":49}},"76":{"start":{"line":77,"column":0},"end":{"line":77,"column":51}},"77":{"start":{"line":78,"column":0},"end":{"line":78,"column":38}},"78":{"start":{"line":79,"column":0},"end":{"line":79,"column":7}},"79":{"start":{"line":80,"column":0},"end":{"line":80,"column":5}},"80":{"start":{"line":81,"column":0},"end":{"line":81,"column":0}},"81":{"start":{"line":82,"column":0},"end":{"line":82,"column":31}},"82":{"start":{"line":83,"column":0},"end":{"line":83,"column":49}},"83":{"start":{"line":84,"column":0},"end":{"line":84,"column":51}},"84":{"start":{"line":85,"column":0},"end":{"line":85,"column":38}},"85":{"start":{"line":86,"column":0},"end":{"line":86,"column":7}},"86":{"start":{"line":87,"column":0},"end":{"line":87,"column":5}},"87":{"start":{"line":88,"column":0},"end":{"line":88,"column":3}},"88":{"start":{"line":89,"column":0},"end":{"line":89,"column":0}},"89":{"start":{"line":90,"column":0},"end":{"line":90,"column":52}},"90":{"start":{"line":91,"column":0},"end":{"line":91,"column":18}},"91":{"start":{"line":92,"column":0},"end":{"line":92,"column":31}},"92":{"start":{"line":93,"column":0},"end":{"line":93,"column":49}},"93":{"start":{"line":94,"column":0},"end":{"line":94,"column":35}},"94":{"start":{"line":95,"column":0},"end":{"line":95,"column":42}},"95":{"start":{"line":96,"column":0},"end":{"line":96,"column":39}},"96":{"start":{"line":97,"column":0},"end":{"line":97,"column":0}},"97":{"start":{"line":98,"column":0},"end":{"line":98,"column":53}},"98":{"start":{"line":99,"column":0},"end":{"line":99,"column":71}},"99":{"start":{"line":100,"column":0},"end":{"line":100,"column":9}},"100":{"start":{"line":101,"column":0},"end":{"line":101,"column":0}},"101":{"start":{"line":102,"column":0},"end":{"line":102,"column":45}},"102":{"start":{"line":103,"column":0},"end":{"line":103,"column":16}},"103":{"start":{"line":104,"column":0},"end":{"line":104,"column":7}},"104":{"start":{"line":105,"column":0},"end":{"line":105,"column":5}},"105":{"start":{"line":106,"column":0},"end":{"line":106,"column":0}},"106":{"start":{"line":107,"column":0},"end":{"line":107,"column":31}},"107":{"start":{"line":108,"column":0},"end":{"line":108,"column":49}},"108":{"start":{"line":109,"column":0},"end":{"line":109,"column":35}},"109":{"start":{"line":110,"column":0},"end":{"line":110,"column":42}},"110":{"start":{"line":111,"column":0},"end":{"line":111,"column":39}},"111":{"start":{"line":112,"column":0},"end":{"line":112,"column":0}},"112":{"start":{"line":113,"column":0},"end":{"line":113,"column":53}},"113":{"start":{"line":114,"column":0},"end":{"line":114,"column":71}},"114":{"start":{"line":115,"column":0},"end":{"line":115,"column":9}},"115":{"start":{"line":116,"column":0},"end":{"line":116,"column":0}},"116":{"start":{"line":117,"column":0},"end":{"line":117,"column":45}},"117":{"start":{"line":118,"column":0},"end":{"line":118,"column":16}},"118":{"start":{"line":119,"column":0},"end":{"line":119,"column":7}},"119":{"start":{"line":120,"column":0},"end":{"line":120,"column":5}},"120":{"start":{"line":121,"column":0},"end":{"line":121,"column":0}},"121":{"start":{"line":122,"column":0},"end":{"line":122,"column":17}},"122":{"start":{"line":123,"column":0},"end":{"line":123,"column":3}},"123":{"start":{"line":124,"column":0},"end":{"line":124,"column":0}},"124":{"start":{"line":125,"column":0},"end":{"line":125,"column":58}},"125":{"start":{"line":126,"column":0},"end":{"line":126,"column":31}},"126":{"start":{"line":127,"column":0},"end":{"line":127,"column":30}},"127":{"start":{"line":128,"column":0},"end":{"line":128,"column":0}},"128":{"start":{"line":129,"column":0},"end":{"line":129,"column":31}},"129":{"start":{"line":130,"column":0},"end":{"line":130,"column":17}},"130":{"start":{"line":131,"column":0},"end":{"line":131,"column":7}},"131":{"start":{"line":132,"column":0},"end":{"line":132,"column":0}},"132":{"start":{"line":133,"column":0},"end":{"line":133,"column":18}},"133":{"start":{"line":134,"column":0},"end":{"line":134,"column":5}},"134":{"start":{"line":135,"column":0},"end":{"line":135,"column":0}},"135":{"start":{"line":136,"column":0},"end":{"line":136,"column":31}},"136":{"start":{"line":137,"column":0},"end":{"line":137,"column":30}},"137":{"start":{"line":138,"column":0},"end":{"line":138,"column":0}},"138":{"start":{"line":139,"column":0},"end":{"line":139,"column":32}},"139":{"start":{"line":140,"column":0},"end":{"line":140,"column":17}},"140":{"start":{"line":141,"column":0},"end":{"line":141,"column":7}},"141":{"start":{"line":142,"column":0},"end":{"line":142,"column":0}},"142":{"start":{"line":143,"column":0},"end":{"line":143,"column":18}},"143":{"start":{"line":144,"column":0},"end":{"line":144,"column":5}},"144":{"start":{"line":145,"column":0},"end":{"line":145,"column":0}},"145":{"start":{"line":146,"column":0},"end":{"line":146,"column":56}},"146":{"start":{"line":147,"column":0},"end":{"line":147,"column":3}},"147":{"start":{"line":148,"column":0},"end":{"line":148,"column":1}}},"s":{"0":1,"1":1,"2":1,"3":1,"4":1,"5":1,"6":1,"7":1,"8":1,"9":1,"10":1,"11":1,"12":2,"13":0,"14":0,"15":2,"16":2,"17":16,"18":139,"19":139,"20":139,"21":139,"22":16,"23":2,"24":2,"25":2,"26":2,"27":1,"28":1,"29":62,"30":62,"31":550,"32":5416,"33":1350,"34":1350,"35":5416,"36":550,"37":62,"38":62,"39":550,"40":5416,"41":1693,"42":1693,"43":5416,"44":550,"45":62,"46":62,"47":550,"48":5416,"49":1524,"50":1524,"51":5416,"52":550,"53":62,"54":62,"55":550,"56":5416,"57":1954,"58":1954,"59":5416,"60":550,"61":62,"62":62,"63":62,"64":1,"65":1,"66":2,"67":16,"68":139,"69":16,"70":2,"71":2,"72":1,"73":1,"74":2874,"75":1350,"76":1350,"77":382,"78":382,"79":1350,"80":2874,"81":2874,"82":1524,"83":1524,"84":485,"85":485,"86":1524,"87":2874,"88":1,"89":1,"90":3647,"91":3647,"92":1693,"93":1693,"94":382,"95":382,"96":382,"97":382,"98":0,"99":0,"100":382,"101":382,"102":382,"103":382,"104":1693,"105":3647,"106":3647,"107":1954,"108":1954,"109":485,"110":485,"111":485,"112":485,"113":0,"114":0,"115":485,"116":485,"117":485,"118":485,"119":1954,"120":3647,"121":3647,"122":3647,"123":1,"124":1,"125":6521,"126":3043,"127":3043,"128":3043,"129":320,"130":320,"131":3043,"132":3043,"133":3043,"134":3478,"135":3478,"136":3478,"137":3478,"138":3478,"139":525,"140":525,"141":3478,"142":3478,"143":3478,"144":0,"145":0,"146":0,"147":1},"branchMap":{"0":{"type":"branch","line":1,"loc":{"start":{"line":1,"column":0},"end":{"line":5,"column":1}},"locations":[{"start":{"line":1,"column":0},"end":{"line":5,"column":1}}]},"1":{"type":"branch","line":12,"loc":{"start":{"line":12,"column":2},"end":{"line":27,"column":3}},"locations":[{"start":{"line":12,"column":2},"end":{"line":27,"column":3}}]},"2":{"type":"branch","line":13,"loc":{"start":{"line":13,"column":49},"end":{"line":15,"column":5}},"locations":[{"start":{"line":13,"column":49},"end":{"line":15,"column":5}}]},"3":{"type":"branch","line":17,"loc":{"start":{"line":17,"column":23},"end":{"line":24,"column":5}},"locations":[{"start":{"line":17,"column":23},"end":{"line":24,"column":5}}]},"4":{"type":"branch","line":18,"loc":{"start":{"line":18,"column":24},"end":{"line":23,"column":7}},"locations":[{"start":{"line":18,"column":24},"end":{"line":23,"column":7}}]},"5":{"type":"branch","line":29,"loc":{"start":{"line":29,"column":9},"end":{"line":64,"column":3}},"locations":[{"start":{"line":29,"column":9},"end":{"line":64,"column":3}}]},"6":{"type":"branch","line":31,"loc":{"start":{"line":31,"column":46},"end":{"line":37,"column":5}},"locations":[{"start":{"line":31,"column":46},"end":{"line":37,"column":5}}]},"7":{"type":"branch","line":32,"loc":{"start":{"line":32,"column":51},"end":{"line":36,"column":7}},"locations":[{"start":{"line":32,"column":51},"end":{"line":36,"column":7}}]},"8":{"type":"branch","line":33,"loc":{"start":{"line":33,"column":49},"end":{"line":35,"column":9}},"locations":[{"start":{"line":33,"column":49},"end":{"line":35,"column":9}}]},"9":{"type":"branch","line":39,"loc":{"start":{"line":39,"column":46},"end":{"line":45,"column":5}},"locations":[{"start":{"line":39,"column":46},"end":{"line":45,"column":5}}]},"10":{"type":"branch","line":40,"loc":{"start":{"line":40,"column":51},"end":{"line":44,"column":7}},"locations":[{"start":{"line":40,"column":51},"end":{"line":44,"column":7}}]},"11":{"type":"branch","line":41,"loc":{"start":{"line":41,"column":49},"end":{"line":43,"column":9}},"locations":[{"start":{"line":41,"column":49},"end":{"line":43,"column":9}}]},"12":{"type":"branch","line":47,"loc":{"start":{"line":47,"column":46},"end":{"line":53,"column":5}},"locations":[{"start":{"line":47,"column":46},"end":{"line":53,"column":5}}]},"13":{"type":"branch","line":48,"loc":{"start":{"line":48,"column":51},"end":{"line":52,"column":7}},"locations":[{"start":{"line":48,"column":51},"end":{"line":52,"column":7}}]},"14":{"type":"branch","line":49,"loc":{"start":{"line":49,"column":49},"end":{"line":51,"column":9}},"locations":[{"start":{"line":49,"column":49},"end":{"line":51,"column":9}}]},"15":{"type":"branch","line":55,"loc":{"start":{"line":55,"column":46},"end":{"line":61,"column":5}},"locations":[{"start":{"line":55,"column":46},"end":{"line":61,"column":5}}]},"16":{"type":"branch","line":56,"loc":{"start":{"line":56,"column":51},"end":{"line":60,"column":7}},"locations":[{"start":{"line":56,"column":51},"end":{"line":60,"column":7}}]},"17":{"type":"branch","line":57,"loc":{"start":{"line":57,"column":49},"end":{"line":59,"column":9}},"locations":[{"start":{"line":57,"column":49},"end":{"line":59,"column":9}}]},"18":{"type":"branch","line":66,"loc":{"start":{"line":66,"column":9},"end":{"line":72,"column":3}},"locations":[{"start":{"line":66,"column":9},"end":{"line":72,"column":3}}]},"19":{"type":"branch","line":67,"loc":{"start":{"line":67,"column":24},"end":{"line":71,"column":5}},"locations":[{"start":{"line":67,"column":24},"end":{"line":71,"column":5}}]},"20":{"type":"branch","line":68,"loc":{"start":{"line":68,"column":24},"end":{"line":70,"column":7}},"locations":[{"start":{"line":68,"column":24},"end":{"line":70,"column":7}}]},"21":{"type":"branch","line":74,"loc":{"start":{"line":74,"column":10},"end":{"line":88,"column":3}},"locations":[{"start":{"line":74,"column":10},"end":{"line":88,"column":3}}]},"22":{"type":"branch","line":75,"loc":{"start":{"line":75,"column":30},"end":{"line":80,"column":5}},"locations":[{"start":{"line":75,"column":30},"end":{"line":80,"column":5}}]},"23":{"type":"branch","line":77,"loc":{"start":{"line":77,"column":50},"end":{"line":79,"column":7}},"locations":[{"start":{"line":77,"column":50},"end":{"line":79,"column":7}}]},"24":{"type":"branch","line":82,"loc":{"start":{"line":82,"column":30},"end":{"line":87,"column":5}},"locations":[{"start":{"line":82,"column":30},"end":{"line":87,"column":5}}]},"25":{"type":"branch","line":84,"loc":{"start":{"line":84,"column":50},"end":{"line":86,"column":7}},"locations":[{"start":{"line":84,"column":50},"end":{"line":86,"column":7}}]},"26":{"type":"branch","line":90,"loc":{"start":{"line":90,"column":10},"end":{"line":123,"column":3}},"locations":[{"start":{"line":90,"column":10},"end":{"line":123,"column":3}}]},"27":{"type":"branch","line":92,"loc":{"start":{"line":92,"column":30},"end":{"line":105,"column":5}},"locations":[{"start":{"line":92,"column":30},"end":{"line":105,"column":5}}]},"28":{"type":"branch","line":94,"loc":{"start":{"line":94,"column":34},"end":{"line":104,"column":7}},"locations":[{"start":{"line":94,"column":34},"end":{"line":104,"column":7}}]},"29":{"type":"branch","line":98,"loc":{"start":{"line":98,"column":52},"end":{"line":100,"column":9}},"locations":[{"start":{"line":98,"column":52},"end":{"line":100,"column":9}}]},"30":{"type":"branch","line":107,"loc":{"start":{"line":107,"column":30},"end":{"line":120,"column":5}},"locations":[{"start":{"line":107,"column":30},"end":{"line":120,"column":5}}]},"31":{"type":"branch","line":109,"loc":{"start":{"line":109,"column":34},"end":{"line":119,"column":7}},"locations":[{"start":{"line":109,"column":34},"end":{"line":119,"column":7}}]},"32":{"type":"branch","line":113,"loc":{"start":{"line":113,"column":52},"end":{"line":115,"column":9}},"locations":[{"start":{"line":113,"column":52},"end":{"line":115,"column":9}}]},"33":{"type":"branch","line":125,"loc":{"start":{"line":125,"column":10},"end":{"line":147,"column":3}},"locations":[{"start":{"line":125,"column":10},"end":{"line":147,"column":3}}]},"34":{"type":"branch","line":126,"loc":{"start":{"line":126,"column":30},"end":{"line":134,"column":5}},"locations":[{"start":{"line":126,"column":30},"end":{"line":134,"column":5}}]},"35":{"type":"branch","line":129,"loc":{"start":{"line":129,"column":30},"end":{"line":131,"column":7}},"locations":[{"start":{"line":129,"column":30},"end":{"line":131,"column":7}}]},"36":{"type":"branch","line":135,"loc":{"start":{"line":135,"column":-1},"end":{"line":144,"column":5}},"locations":[{"start":{"line":135,"column":-1},"end":{"line":144,"column":5}}]},"37":{"type":"branch","line":139,"loc":{"start":{"line":139,"column":31},"end":{"line":141,"column":7}},"locations":[{"start":{"line":139,"column":31},"end":{"line":141,"column":7}}]},"38":{"type":"branch","line":145,"loc":{"start":{"line":145,"column":-1},"end":{"line":147,"column":3}},"locations":[{"start":{"line":145,"column":-1},"end":{"line":147,"column":3}}]}},"b":{"0":[1],"1":[2],"2":[0],"3":[16],"4":[139],"5":[62],"6":[550],"7":[5416],"8":[1350],"9":[550],"10":[5416],"11":[1693],"12":[550],"13":[5416],"14":[1524],"15":[550],"16":[5416],"17":[1954],"18":[2],"19":[16],"20":[139],"21":[2874],"22":[1350],"23":[382],"24":[1524],"25":[485],"26":[3647],"27":[1693],"28":[382],"29":[0],"30":[1954],"31":[485],"32":[0],"33":[6521],"34":[3043],"35":[320],"36":[3478],"37":[525],"38":[0]},"fnMap":{"0":{"name":"Map","decl":{"start":{"line":12,"column":2},"end":{"line":27,"column":3}},"loc":{"start":{"line":12,"column":2},"end":{"line":27,"column":3}},"line":12},"1":{"name":"step","decl":{"start":{"line":29,"column":9},"end":{"line":64,"column":3}},"loc":{"start":{"line":29,"column":9},"end":{"line":64,"column":3}},"line":29},"2":{"name":"getCurrentState","decl":{"start":{"line":66,"column":9},"end":{"line":72,"column":3}},"loc":{"start":{"line":66,"column":9},"end":{"line":72,"column":3}},"line":66},"3":{"name":"checkMove","decl":{"start":{"line":74,"column":10},"end":{"line":88,"column":3}},"loc":{"start":{"line":74,"column":10},"end":{"line":88,"column":3}},"line":74},"4":{"name":"move","decl":{"start":{"line":90,"column":10},"end":{"line":123,"column":3}},"loc":{"start":{"line":90,"column":10},"end":{"line":123,"column":3}},"line":90},"5":{"name":"getNewPosition","decl":{"start":{"line":125,"column":10},"end":{"line":147,"column":3}},"loc":{"start":{"line":125,"column":10},"end":{"line":147,"column":3}},"line":125}},"f":{"0":2,"1":62,"2":2,"3":2874,"4":3647,"5":6521}}
}
