TN:
SF:Map.ts
FN:12,Map
FN:29,step
FN:66,getCurrentState
FN:74,checkMove
FN:90,move
FN:125,getNewPosition
FNF:6
FNH:6
FNDA:2,Map
FNDA:62,step
FNDA:2,getCurrentState
FNDA:2874,checkMove
FNDA:3647,move
FNDA:6521,getNewPosition
DA:1,1
DA:2,1
DA:3,1
DA:4,1
DA:5,1
DA:6,1
DA:7,1
DA:8,1
DA:9,1
DA:10,1
DA:11,1
DA:12,1
DA:13,2
DA:14,0
DA:15,0
DA:16,2
DA:17,2
DA:18,16
DA:19,139
DA:20,139
DA:21,139
DA:22,139
DA:23,16
DA:24,2
DA:25,2
DA:26,2
DA:27,2
DA:28,1
DA:29,1
DA:30,62
DA:31,62
DA:32,550
DA:33,5416
DA:34,1350
DA:35,1350
DA:36,5416
DA:37,550
DA:38,62
DA:39,62
DA:40,550
DA:41,5416
DA:42,1693
DA:43,1693
DA:44,5416
DA:45,550
DA:46,62
DA:47,62
DA:48,550
DA:49,5416
DA:50,1524
DA:51,1524
DA:52,5416
DA:53,550
DA:54,62
DA:55,62
DA:56,550
DA:57,5416
DA:58,1954
DA:59,1954
DA:60,5416
DA:61,550
DA:62,62
DA:63,62
DA:64,62
DA:65,1
DA:66,1
DA:67,2
DA:68,16
DA:69,139
DA:70,16
DA:71,2
DA:72,2
DA:73,1
DA:74,1
DA:75,2874
DA:76,1350
DA:77,1350
DA:78,382
DA:79,382
DA:80,1350
DA:81,2874
DA:82,2874
DA:83,1524
DA:84,1524
DA:85,485
DA:86,485
DA:87,1524
DA:88,2874
DA:89,1
DA:90,1
DA:91,3647
DA:92,3647
DA:93,1693
DA:94,1693
DA:95,382
DA:96,382
DA:97,382
DA:98,382
DA:99,0
DA:100,0
DA:101,382
DA:102,382
DA:103,382
DA:104,382
DA:105,1693
DA:106,3647
DA:107,3647
DA:108,1954
DA:109,1954
DA:110,485
DA:111,485
DA:112,485
DA:113,485
DA:114,0
DA:115,0
DA:116,485
DA:117,485
DA:118,485
DA:119,485
DA:120,1954
DA:121,3647
DA:122,3647
DA:123,3647
DA:124,1
DA:125,1
DA:126,6521
DA:127,3043
DA:128,3043
DA:129,3043
DA:130,320
DA:131,320
DA:132,3043
DA:133,3043
DA:134,3043
DA:135,3478
DA:136,3478
DA:137,3478
DA:138,3478
DA:139,3478
DA:140,525
DA:141,525
DA:142,3478
DA:143,3478
DA:144,3478
DA:145,0
DA:146,0
DA:147,0
DA:148,1
LF:148
LH:139
BRDA:1,0,0,1
BRDA:12,1,0,2
BRDA:13,2,0,0
BRDA:17,3,0,16
BRDA:18,4,0,139
BRDA:29,5,0,62
BRDA:31,6,0,550
BRDA:32,7,0,5416
BRDA:33,8,0,1350
BRDA:39,9,0,550
BRDA:40,10,0,5416
BRDA:41,11,0,1693
BRDA:47,12,0,550
BRDA:48,13,0,5416
BRDA:49,14,0,1524
BRDA:55,15,0,550
BRDA:56,16,0,5416
BRDA:57,17,0,1954
BRDA:66,18,0,2
BRDA:67,19,0,16
BRDA:68,20,0,139
BRDA:74,21,0,2874
BRDA:75,22,0,1350
BRDA:77,23,0,382
BRDA:82,24,0,1524
BRDA:84,25,0,485
BRDA:90,26,0,3647
BRDA:92,27,0,1693
BRDA:94,28,0,382
BRDA:98,29,0,0
BRDA:107,30,0,1954
BRDA:109,31,0,485
BRDA:113,32,0,0
BRDA:125,33,0,6521
BRDA:126,34,0,3043
BRDA:129,35,0,320
BRDA:135,36,0,3478
BRDA:139,37,0,525
BRDA:145,38,0,0
BRF:39
BRH:35
end_of_record
