{"/mnt/c/Users/Pierre-Luc Gagné/working-directory/aoc/24/ALU.ts": {"path":"/mnt/c/Users/Pierre-Luc Gagné/working-directory/aoc/24/ALU.ts","all":false,"statementMap":{"0":{"start":{"line":1,"column":0},"end":{"line":1,"column":45}},"1":{"start":{"line":2,"column":0},"end":{"line":2,"column":70}},"2":{"start":{"line":3,"column":0},"end":{"line":3,"column":90}},"3":{"start":{"line":4,"column":0},"end":{"line":4,"column":0}},"4":{"start":{"line":5,"column":0},"end":{"line":5,"column":26}},"5":{"start":{"line":6,"column":0},"end":{"line":6,"column":26}},"6":{"start":{"line":7,"column":0},"end":{"line":7,"column":38}},"7":{"start":{"line":8,"column":0},"end":{"line":8,"column":46}},"8":{"start":{"line":9,"column":0},"end":{"line":9,"column":0}},"9":{"start":{"line":10,"column":0},"end":{"line":10,"column":44}},"10":{"start":{"line":11,"column":0},"end":{"line":11,"column":20}},"11":{"start":{"line":12,"column":0},"end":{"line":12,"column":37}},"12":{"start":{"line":13,"column":0},"end":{"line":13,"column":22}},"13":{"start":{"line":14,"column":0},"end":{"line":14,"column":11}},"14":{"start":{"line":15,"column":0},"end":{"line":15,"column":11}},"15":{"start":{"line":16,"column":0},"end":{"line":16,"column":11}},"16":{"start":{"line":17,"column":0},"end":{"line":17,"column":11}},"17":{"start":{"line":18,"column":0},"end":{"line":18,"column":6}},"18":{"start":{"line":19,"column":0},"end":{"line":19,"column":3}},"19":{"start":{"line":20,"column":0},"end":{"line":20,"column":0}},"20":{"start":{"line":21,"column":0},"end":{"line":21,"column":28}},"21":{"start":{"line":22,"column":0},"end":{"line":22,"column":37}},"22":{"start":{"line":23,"column":0},"end":{"line":23,"column":0}},"23":{"start":{"line":24,"column":0},"end":{"line":24,"column":39}},"24":{"start":{"line":25,"column":0},"end":{"line":25,"column":40}},"25":{"start":{"line":26,"column":0},"end":{"line":26,"column":5}},"26":{"start":{"line":27,"column":0},"end":{"line":27,"column":0}},"27":{"start":{"line":28,"column":0},"end":{"line":28,"column":30}},"28":{"start":{"line":29,"column":0},"end":{"line":29,"column":3}},"29":{"start":{"line":30,"column":0},"end":{"line":30,"column":0}},"30":{"start":{"line":31,"column":0},"end":{"line":31,"column":50}},"31":{"start":{"line":32,"column":0},"end":{"line":32,"column":22}},"32":{"start":{"line":33,"column":0},"end":{"line":33,"column":32}},"33":{"start":{"line":34,"column":0},"end":{"line":34,"column":16}},"34":{"start":{"line":35,"column":0},"end":{"line":35,"column":12}},"35":{"start":{"line":36,"column":0},"end":{"line":36,"column":32}},"36":{"start":{"line":37,"column":0},"end":{"line":37,"column":5}},"37":{"start":{"line":38,"column":0},"end":{"line":38,"column":0}},"38":{"start":{"line":39,"column":0},"end":{"line":39,"column":50}},"39":{"start":{"line":40,"column":0},"end":{"line":40,"column":3}},"40":{"start":{"line":41,"column":0},"end":{"line":41,"column":0}},"41":{"start":{"line":42,"column":0},"end":{"line":42,"column":50}},"42":{"start":{"line":43,"column":0},"end":{"line":43,"column":22}},"43":{"start":{"line":44,"column":0},"end":{"line":44,"column":32}},"44":{"start":{"line":45,"column":0},"end":{"line":45,"column":16}},"45":{"start":{"line":46,"column":0},"end":{"line":46,"column":12}},"46":{"start":{"line":47,"column":0},"end":{"line":47,"column":32}},"47":{"start":{"line":48,"column":0},"end":{"line":48,"column":5}},"48":{"start":{"line":49,"column":0},"end":{"line":49,"column":50}},"49":{"start":{"line":50,"column":0},"end":{"line":50,"column":3}},"50":{"start":{"line":51,"column":0},"end":{"line":51,"column":0}},"51":{"start":{"line":52,"column":0},"end":{"line":52,"column":50}},"52":{"start":{"line":53,"column":0},"end":{"line":53,"column":22}},"53":{"start":{"line":54,"column":0},"end":{"line":54,"column":32}},"54":{"start":{"line":55,"column":0},"end":{"line":55,"column":16}},"55":{"start":{"line":56,"column":0},"end":{"line":56,"column":12}},"56":{"start":{"line":57,"column":0},"end":{"line":57,"column":32}},"57":{"start":{"line":58,"column":0},"end":{"line":58,"column":5}},"58":{"start":{"line":59,"column":0},"end":{"line":59,"column":0}},"59":{"start":{"line":60,"column":0},"end":{"line":60,"column":22}},"60":{"start":{"line":61,"column":0},"end":{"line":61,"column":44}},"61":{"start":{"line":62,"column":0},"end":{"line":62,"column":5}},"62":{"start":{"line":63,"column":0},"end":{"line":63,"column":0}},"63":{"start":{"line":64,"column":0},"end":{"line":64,"column":62}},"64":{"start":{"line":65,"column":0},"end":{"line":65,"column":3}},"65":{"start":{"line":66,"column":0},"end":{"line":66,"column":0}},"66":{"start":{"line":67,"column":0},"end":{"line":67,"column":50}},"67":{"start":{"line":68,"column":0},"end":{"line":68,"column":32}},"68":{"start":{"line":69,"column":0},"end":{"line":69,"column":49}},"69":{"start":{"line":70,"column":0},"end":{"line":70,"column":5}},"70":{"start":{"line":71,"column":0},"end":{"line":71,"column":0}},"71":{"start":{"line":72,"column":0},"end":{"line":72,"column":22}},"72":{"start":{"line":73,"column":0},"end":{"line":73,"column":32}},"73":{"start":{"line":74,"column":0},"end":{"line":74,"column":16}},"74":{"start":{"line":75,"column":0},"end":{"line":75,"column":12}},"75":{"start":{"line":76,"column":0},"end":{"line":76,"column":32}},"76":{"start":{"line":77,"column":0},"end":{"line":77,"column":5}},"77":{"start":{"line":78,"column":0},"end":{"line":78,"column":0}},"78":{"start":{"line":79,"column":0},"end":{"line":79,"column":21}},"79":{"start":{"line":80,"column":0},"end":{"line":80,"column":53}},"80":{"start":{"line":81,"column":0},"end":{"line":81,"column":5}},"81":{"start":{"line":82,"column":0},"end":{"line":82,"column":0}},"82":{"start":{"line":83,"column":0},"end":{"line":83,"column":50}},"83":{"start":{"line":84,"column":0},"end":{"line":84,"column":3}},"84":{"start":{"line":85,"column":0},"end":{"line":85,"column":0}},"85":{"start":{"line":86,"column":0},"end":{"line":86,"column":50}},"86":{"start":{"line":87,"column":0},"end":{"line":87,"column":22}},"87":{"start":{"line":88,"column":0},"end":{"line":88,"column":32}},"88":{"start":{"line":89,"column":0},"end":{"line":89,"column":16}},"89":{"start":{"line":90,"column":0},"end":{"line":90,"column":12}},"90":{"start":{"line":91,"column":0},"end":{"line":91,"column":32}},"91":{"start":{"line":92,"column":0},"end":{"line":92,"column":5}},"92":{"start":{"line":93,"column":0},"end":{"line":93,"column":60}},"93":{"start":{"line":94,"column":0},"end":{"line":94,"column":3}},"94":{"start":{"line":95,"column":0},"end":{"line":95,"column":0}},"95":{"start":{"line":96,"column":0},"end":{"line":96,"column":35}},"96":{"start":{"line":97,"column":0},"end":{"line":97,"column":23}},"97":{"start":{"line":98,"column":0},"end":{"line":98,"column":22}},"98":{"start":{"line":99,"column":0},"end":{"line":99,"column":11}},"99":{"start":{"line":100,"column":0},"end":{"line":100,"column":11}},"100":{"start":{"line":101,"column":0},"end":{"line":101,"column":11}},"101":{"start":{"line":102,"column":0},"end":{"line":102,"column":11}},"102":{"start":{"line":103,"column":0},"end":{"line":103,"column":6}},"103":{"start":{"line":104,"column":0},"end":{"line":104,"column":0}},"104":{"start":{"line":105,"column":0},"end":{"line":105,"column":41}},"105":{"start":{"line":106,"column":0},"end":{"line":106,"column":21}},"106":{"start":{"line":107,"column":0},"end":{"line":107,"column":56}},"107":{"start":{"line":108,"column":0},"end":{"line":108,"column":50}},"108":{"start":{"line":109,"column":0},"end":{"line":109,"column":85}},"109":{"start":{"line":110,"column":0},"end":{"line":110,"column":7}},"110":{"start":{"line":111,"column":0},"end":{"line":111,"column":0}},"111":{"start":{"line":112,"column":0},"end":{"line":112,"column":53}},"112":{"start":{"line":113,"column":0},"end":{"line":113,"column":45}},"113":{"start":{"line":114,"column":0},"end":{"line":114,"column":16}},"114":{"start":{"line":115,"column":0},"end":{"line":115,"column":9}},"115":{"start":{"line":116,"column":0},"end":{"line":116,"column":0}},"116":{"start":{"line":117,"column":0},"end":{"line":117,"column":19}},"117":{"start":{"line":118,"column":0},"end":{"line":118,"column":7}},"118":{"start":{"line":119,"column":0},"end":{"line":119,"column":0}},"119":{"start":{"line":120,"column":0},"end":{"line":120,"column":75}},"120":{"start":{"line":121,"column":0},"end":{"line":121,"column":5}},"121":{"start":{"line":122,"column":0},"end":{"line":122,"column":3}},"122":{"start":{"line":123,"column":0},"end":{"line":123,"column":0}},"123":{"start":{"line":124,"column":0},"end":{"line":124,"column":40}},"124":{"start":{"line":125,"column":0},"end":{"line":125,"column":36}},"125":{"start":{"line":126,"column":0},"end":{"line":126,"column":3}},"126":{"start":{"line":127,"column":0},"end":{"line":127,"column":1}}},"s":{"0":1,"1":1,"2":1,"3":1,"4":1,"5":1,"6":1,"7":1,"8":1,"9":1,"10":12,"11":12,"12":12,"13":12,"14":12,"15":12,"16":12,"17":12,"18":12,"19":1,"20":1,"21":8,"22":8,"23":8,"24":0,"25":0,"26":8,"27":8,"28":8,"29":1,"30":1,"31":17,"32":17,"33":10,"34":17,"35":7,"36":7,"37":17,"38":17,"39":17,"40":1,"41":1,"42":5,"43":5,"44":4,"45":5,"46":1,"47":1,"48":5,"49":5,"50":1,"51":1,"52":9,"53":9,"54":8,"55":9,"56":1,"57":1,"58":9,"59":9,"60":1,"61":1,"62":8,"63":8,"64":8,"65":1,"66":1,"67":11,"68":1,"69":1,"70":10,"71":10,"72":11,"73":9,"74":11,"75":1,"76":1,"77":10,"78":11,"79":0,"80":0,"81":10,"82":10,"83":10,"84":1,"85":1,"86":4,"87":4,"88":1,"89":4,"90":3,"91":3,"92":4,"93":4,"94":1,"95":1,"96":15,"97":15,"98":15,"99":15,"100":15,"101":15,"102":15,"103":15,"104":15,"105":15,"106":15,"107":56,"108":1,"109":1,"110":55,"111":56,"112":9,"113":1,"114":1,"115":8,"116":8,"117":8,"118":54,"119":54,"120":54,"121":12,"122":1,"123":1,"124":22,"125":22,"126":1},"branchMap":{"0":{"type":"branch","line":10,"loc":{"start":{"line":10,"column":2},"end":{"line":19,"column":3}},"locations":[{"start":{"line":10,"column":2},"end":{"line":19,"column":3}}]},"1":{"type":"branch","line":21,"loc":{"start":{"line":21,"column":10},"end":{"line":29,"column":3}},"locations":[{"start":{"line":21,"column":10},"end":{"line":29,"column":3}}]},"2":{"type":"branch","line":24,"loc":{"start":{"line":24,"column":38},"end":{"line":26,"column":5}},"locations":[{"start":{"line":24,"column":38},"end":{"line":26,"column":5}}]},"3":{"type":"branch","line":31,"loc":{"start":{"line":31,"column":10},"end":{"line":40,"column":3}},"locations":[{"start":{"line":31,"column":10},"end":{"line":40,"column":3}}]},"4":{"type":"branch","line":33,"loc":{"start":{"line":33,"column":31},"end":{"line":35,"column":11}},"locations":[{"start":{"line":33,"column":31},"end":{"line":35,"column":11}}]},"5":{"type":"branch","line":35,"loc":{"start":{"line":35,"column":5},"end":{"line":37,"column":5}},"locations":[{"start":{"line":35,"column":5},"end":{"line":37,"column":5}}]},"6":{"type":"branch","line":42,"loc":{"start":{"line":42,"column":10},"end":{"line":50,"column":3}},"locations":[{"start":{"line":42,"column":10},"end":{"line":50,"column":3}}]},"7":{"type":"branch","line":44,"loc":{"start":{"line":44,"column":31},"end":{"line":46,"column":11}},"locations":[{"start":{"line":44,"column":31},"end":{"line":46,"column":11}}]},"8":{"type":"branch","line":46,"loc":{"start":{"line":46,"column":5},"end":{"line":48,"column":5}},"locations":[{"start":{"line":46,"column":5},"end":{"line":48,"column":5}}]},"9":{"type":"branch","line":52,"loc":{"start":{"line":52,"column":10},"end":{"line":65,"column":3}},"locations":[{"start":{"line":52,"column":10},"end":{"line":65,"column":3}}]},"10":{"type":"branch","line":54,"loc":{"start":{"line":54,"column":31},"end":{"line":56,"column":11}},"locations":[{"start":{"line":54,"column":31},"end":{"line":56,"column":11}}]},"11":{"type":"branch","line":56,"loc":{"start":{"line":56,"column":5},"end":{"line":58,"column":5}},"locations":[{"start":{"line":56,"column":5},"end":{"line":58,"column":5}}]},"12":{"type":"branch","line":60,"loc":{"start":{"line":60,"column":21},"end":{"line":62,"column":5}},"locations":[{"start":{"line":60,"column":21},"end":{"line":62,"column":5}}]},"13":{"type":"branch","line":63,"loc":{"start":{"line":63,"column":-1},"end":{"line":65,"column":3}},"locations":[{"start":{"line":63,"column":-1},"end":{"line":65,"column":3}}]},"14":{"type":"branch","line":67,"loc":{"start":{"line":67,"column":10},"end":{"line":84,"column":3}},"locations":[{"start":{"line":67,"column":10},"end":{"line":84,"column":3}}]},"15":{"type":"branch","line":68,"loc":{"start":{"line":68,"column":31},"end":{"line":70,"column":5}},"locations":[{"start":{"line":68,"column":31},"end":{"line":70,"column":5}}]},"16":{"type":"branch","line":71,"loc":{"start":{"line":71,"column":-1},"end":{"line":73,"column":31}},"locations":[{"start":{"line":71,"column":-1},"end":{"line":73,"column":31}}]},"17":{"type":"branch","line":73,"loc":{"start":{"line":73,"column":31},"end":{"line":75,"column":11}},"locations":[{"start":{"line":73,"column":31},"end":{"line":75,"column":11}}]},"18":{"type":"branch","line":75,"loc":{"start":{"line":75,"column":5},"end":{"line":77,"column":5}},"locations":[{"start":{"line":75,"column":5},"end":{"line":77,"column":5}}]},"19":{"type":"branch","line":78,"loc":{"start":{"line":78,"column":-1},"end":{"line":79,"column":20}},"locations":[{"start":{"line":78,"column":-1},"end":{"line":79,"column":20}}]},"20":{"type":"branch","line":79,"loc":{"start":{"line":79,"column":20},"end":{"line":81,"column":5}},"locations":[{"start":{"line":79,"column":20},"end":{"line":81,"column":5}}]},"21":{"type":"branch","line":82,"loc":{"start":{"line":82,"column":-1},"end":{"line":84,"column":3}},"locations":[{"start":{"line":82,"column":-1},"end":{"line":84,"column":3}}]},"22":{"type":"branch","line":86,"loc":{"start":{"line":86,"column":10},"end":{"line":94,"column":3}},"locations":[{"start":{"line":86,"column":10},"end":{"line":94,"column":3}}]},"23":{"type":"branch","line":88,"loc":{"start":{"line":88,"column":31},"end":{"line":90,"column":11}},"locations":[{"start":{"line":88,"column":31},"end":{"line":90,"column":11}}]},"24":{"type":"branch","line":90,"loc":{"start":{"line":90,"column":5},"end":{"line":92,"column":5}},"locations":[{"start":{"line":90,"column":5},"end":{"line":92,"column":5}}]},"25":{"type":"branch","line":96,"loc":{"start":{"line":96,"column":8},"end":{"line":122,"column":3}},"locations":[{"start":{"line":96,"column":8},"end":{"line":122,"column":3}}]},"26":{"type":"branch","line":107,"loc":{"start":{"line":107,"column":55},"end":{"line":121,"column":5}},"locations":[{"start":{"line":107,"column":55},"end":{"line":121,"column":5}}]},"27":{"type":"branch","line":108,"loc":{"start":{"line":108,"column":49},"end":{"line":110,"column":7}},"locations":[{"start":{"line":108,"column":49},"end":{"line":110,"column":7}}]},"28":{"type":"branch","line":111,"loc":{"start":{"line":111,"column":-1},"end":{"line":112,"column":52}},"locations":[{"start":{"line":111,"column":-1},"end":{"line":112,"column":52}}]},"29":{"type":"branch","line":112,"loc":{"start":{"line":112,"column":52},"end":{"line":118,"column":7}},"locations":[{"start":{"line":112,"column":52},"end":{"line":118,"column":7}}]},"30":{"type":"branch","line":113,"loc":{"start":{"line":113,"column":44},"end":{"line":115,"column":9}},"locations":[{"start":{"line":113,"column":44},"end":{"line":115,"column":9}}]},"31":{"type":"branch","line":116,"loc":{"start":{"line":116,"column":-1},"end":{"line":118,"column":7}},"locations":[{"start":{"line":116,"column":-1},"end":{"line":118,"column":7}}]},"32":{"type":"branch","line":119,"loc":{"start":{"line":119,"column":-1},"end":{"line":121,"column":5}},"locations":[{"start":{"line":119,"column":-1},"end":{"line":121,"column":5}}]},"33":{"type":"branch","line":122,"loc":{"start":{"line":122,"column":-1},"end":{"line":122,"column":3}},"locations":[{"start":{"line":122,"column":-1},"end":{"line":122,"column":3}}]},"34":{"type":"branch","line":124,"loc":{"start":{"line":124,"column":2},"end":{"line":126,"column":3}},"locations":[{"start":{"line":124,"column":2},"end":{"line":126,"column":3}}]}},"b":{"0":[12],"1":[8],"2":[0],"3":[17],"4":[10],"5":[7],"6":[5],"7":[4],"8":[1],"9":[9],"10":[8],"11":[1],"12":[1],"13":[8],"14":[11],"15":[1],"16":[10],"17":[9],"18":[1],"19":[10],"20":[0],"21":[10],"22":[4],"23":[1],"24":[3],"25":[15],"26":[56],"27":[1],"28":[55],"29":[9],"30":[1],"31":[8],"32":[54],"33":[12],"34":[22]},"fnMap":{"0":{"name":"ALU","decl":{"start":{"line":10,"column":2},"end":{"line":19,"column":3}},"loc":{"start":{"line":10,"column":2},"end":{"line":19,"column":3}},"line":10},"1":{"name":"inp","decl":{"start":{"line":21,"column":10},"end":{"line":29,"column":3}},"loc":{"start":{"line":21,"column":10},"end":{"line":29,"column":3}},"line":21},"2":{"name":"add","decl":{"start":{"line":31,"column":10},"end":{"line":40,"column":3}},"loc":{"start":{"line":31,"column":10},"end":{"line":40,"column":3}},"line":31},"3":{"name":"mul","decl":{"start":{"line":42,"column":10},"end":{"line":50,"column":3}},"loc":{"start":{"line":42,"column":10},"end":{"line":50,"column":3}},"line":42},"4":{"name":"div","decl":{"start":{"line":52,"column":10},"end":{"line":65,"column":3}},"loc":{"start":{"line":52,"column":10},"end":{"line":65,"column":3}},"line":52},"5":{"name":"mod","decl":{"start":{"line":67,"column":10},"end":{"line":84,"column":3}},"loc":{"start":{"line":67,"column":10},"end":{"line":84,"column":3}},"line":67},"6":{"name":"eql","decl":{"start":{"line":86,"column":10},"end":{"line":94,"column":3}},"loc":{"start":{"line":86,"column":10},"end":{"line":94,"column":3}},"line":86},"7":{"name":"run","decl":{"start":{"line":96,"column":8},"end":{"line":122,"column":3}},"loc":{"start":{"line":96,"column":8},"end":{"line":122,"column":3}},"line":96},"8":{"name":"getRegisterValue","decl":{"start":{"line":124,"column":2},"end":{"line":126,"column":3}},"loc":{"start":{"line":124,"column":2},"end":{"line":126,"column":3}},"line":124}},"f":{"0":12,"1":8,"2":17,"3":5,"4":9,"5":11,"6":4,"7":15,"8":22}}
}
