TN:
SF:ALU.ts
FN:10,ALU
FN:21,inp
FN:31,add
FN:42,mul
FN:52,div
FN:67,mod
FN:86,eql
FN:96,run
FN:124,getRegisterValue
FNF:9
FNH:9
FNDA:12,ALU
FNDA:8,inp
FNDA:17,add
FNDA:5,mul
FNDA:9,div
FNDA:11,mod
FNDA:4,eql
FNDA:15,run
FNDA:22,getRegisterValue
DA:1,1
DA:2,1
DA:3,1
DA:4,1
DA:5,1
DA:6,1
DA:7,1
DA:8,1
DA:9,1
DA:10,1
DA:11,12
DA:12,12
DA:13,12
DA:14,12
DA:15,12
DA:16,12
DA:17,12
DA:18,12
DA:19,12
DA:20,1
DA:21,1
DA:22,8
DA:23,8
DA:24,8
DA:25,0
DA:26,0
DA:27,8
DA:28,8
DA:29,8
DA:30,1
DA:31,1
DA:32,17
DA:33,17
DA:34,10
DA:35,17
DA:36,7
DA:37,7
DA:38,17
DA:39,17
DA:40,17
DA:41,1
DA:42,1
DA:43,5
DA:44,5
DA:45,4
DA:46,5
DA:47,1
DA:48,1
DA:49,5
DA:50,5
DA:51,1
DA:52,1
DA:53,9
DA:54,9
DA:55,8
DA:56,9
DA:57,1
DA:58,1
DA:59,9
DA:60,9
DA:61,1
DA:62,1
DA:63,8
DA:64,8
DA:65,8
DA:66,1
DA:67,1
DA:68,11
DA:69,1
DA:70,1
DA:71,10
DA:72,10
DA:73,11
DA:74,9
DA:75,11
DA:76,1
DA:77,1
DA:78,10
DA:79,11
DA:80,0
DA:81,0
DA:82,10
DA:83,10
DA:84,10
DA:85,1
DA:86,1
DA:87,4
DA:88,4
DA:89,1
DA:90,4
DA:91,3
DA:92,3
DA:93,4
DA:94,4
DA:95,1
DA:96,1
DA:97,15
DA:98,15
DA:99,15
DA:100,15
DA:101,15
DA:102,15
DA:103,15
DA:104,15
DA:105,15
DA:106,15
DA:107,15
DA:108,56
DA:109,1
DA:110,1
DA:111,55
DA:112,56
DA:113,9
DA:114,1
DA:115,1
DA:116,8
DA:117,8
DA:118,8
DA:119,54
DA:120,54
DA:121,54
DA:122,12
DA:123,1
DA:124,1
DA:125,22
DA:126,22
DA:127,1
LF:127
LH:123
BRDA:10,0,0,12
BRDA:21,1,0,8
BRDA:24,2,0,0
BRDA:31,3,0,17
BRDA:33,4,0,10
BRDA:35,5,0,7
BRDA:42,6,0,5
BRDA:44,7,0,4
BRDA:46,8,0,1
BRDA:52,9,0,9
BRDA:54,10,0,8
BRDA:56,11,0,1
BRDA:60,12,0,1
BRDA:63,13,0,8
BRDA:67,14,0,11
BRDA:68,15,0,1
BRDA:71,16,0,10
BRDA:73,17,0,9
BRDA:75,18,0,1
BRDA:78,19,0,10
BRDA:79,20,0,0
BRDA:82,21,0,10
BRDA:86,22,0,4
BRDA:88,23,0,1
BRDA:90,24,0,3
BRDA:96,25,0,15
BRDA:107,26,0,56
BRDA:108,27,0,1
BRDA:111,28,0,55
BRDA:112,29,0,9
BRDA:113,30,0,1
BRDA:116,31,0,8
BRDA:119,32,0,54
BRDA:122,33,0,12
BRDA:124,34,0,22
BRF:35
BRH:33
end_of_record
